********************************************************************************
DUPLICATOR-LITE PACKAGE-LOG: 2017-06-25 01:55:32
NOTICE: Do NOT post to public sites or forums 
********************************************************************************
VERSION:	1.2.8
WORDPRESS:	4.7.5
PHP INFO:	5.5.24 | SAPI: apache2handler
SERVER:		Apache/2.4.12 (Unix) OpenSSL/1.0.1m PHP/5.5.24 mod_perl/2.0.8-dev Perl/v5.16.3 
PHP TIME LIMIT: (0) no time limit imposed 
PHP MAX MEMORY: 2048M (512M default) 
MEMORY STACK: 31.5MB 

********************************************************************************
DATABASE:
********************************************************************************
BUILD MODE:   PHP(query limit - 100)
MYSQLTIMEOUT: 5000
MYSQLDUMP:    Not Supported 
TABLES: total:19 | filtered:0 | create:19 
FILTERED: [] 
SQL CREATED: 20170625_deadisdead_e1d23ac011006edc8261170625015453_database.sql 
SQL FILE SIZE: 1.03MB (1078810) 
SQL FILE TIME: 2017-06-25 01:55:32 
SQL RUNTIME: 0.18 sec. 

******************************************************************************** 
ARCHIVE (ZIP): 
******************************************************************************** 
ARCHIVE DIR:  /Users/marksheppard/Documents/Websites/www.deadisdead.dev 
ARCHIVE FILE: 20170625_deadisdead_e1d23ac011006edc8261170625015453_archive.zip 
FILTERS: *OFF* 
DIRS: not set 
EXTS:  not set 
---------------------------------------- 
COMPRESSING 
SIZE:	147.76MB 
STATS:	Dirs 2,484 | Files 17,903 
SQL ADDED: 20170625_deadisdead_e1d23ac011006edc8261170625015453_database.sql 
ZipArchive Object
(
    [status] => 0
    [statusSys] => 0
    [numFiles] => 20387
    [filename] => /Users/marksheppard/Documents/Websites/www.deadisdead.dev/wp-snapshots/tmp/20170625_deadisdead_e1d23ac011006edc8261170625015453_archive.zip
    [comment] => 
)
 
COMPRESSION RESULT: '1' 
COMPRESSED SIZE: 78.11MB 
ARCHIVE RUNTIME: 20.32 sec. 
MEMORY STACK: 41.25MB 

******************************************************************************** 
MAKE INSTALLER: 
******************************************************************************** 
Build Start 
Build Finished 
Preping for use 
Template parsed with new data 
Complete [/Users/marksheppard/Documents/Websites/www.deadisdead.dev/wp-snapshots/tmp/20170625_deadisdead_e1d23ac011006edc8261170625015453_installer.php] 
Added to archive 

******************************************************************************** 
INTEGRITY CHECKS: 
******************************************************************************** 
SQL File: 1.03MB 
Installer File: 428.45KB 
Archive File: 78.11MB  

********************************************************************************
RECORD ID:[1]
TOTAL PROCESS RUNTIME: 22.81 sec.
PEAK PHP MEMORY USED: 47.5MB
DONE PROCESSING => 20170625_deadisdead 2017-06-25 01:55:54
 
